# JRE version: Java(TM) SE Runtime Environment (8.0_144-b01) (build 1.8.0_144-b01)
# Java VM: Java HotSpot(TM) 64-Bit Server VM (25.144-b01 mixed mode bsd-amd64 compressed oops)
Heap:
 PSYoungGen      total 282112K, used 12589K [0x00000007aab00000, 0x00000007bd480000, 0x00000007c0000000)
  eden space 272896K, 3% used [0x00000007aab00000,0x00000007ab4a7ec8,0x00000007bb580000)
  from space 9216K, 29% used [0x00000007bcb80000,0x00000007bce235a8,0x00000007bd480000)
  to   space 15872K, 0% used [0x00000007bb580000,0x00000007bb580000,0x00000007bc500000)
 ParOldGen       total 46080K, used 25391K [0x0000000780000000, 0x0000000782d00000, 0x00000007aab00000)
  object space 46080K, 55% used [0x0000000780000000,0x00000007818cbdb8,0x0000000782d00000)
 Metaspace       used 32053K, capacity 32503K, committed 32896K, reserved 1079296K
  class space    used 3478K, capacity 3609K, committed 3712K, reserved 1048576K
GC Heap History (10 events):
Event: 5.121 GC heap before
{Heap before GC invocations=9 (full 1):
 PSYoungGen      total 139776K, used 768K [0x00000007aab00000, 0x00000007b3c00000, 0x00000007c0000000)
  eden space 132608K, 0% used [0x00000007aab00000,0x00000007aab00000,0x00000007b2c80000)
  from space 7168K, 10% used [0x00000007b3400000,0x00000007b34c0050,0x00000007b3b00000)
  to   space 7680K, 0% used [0x00000007b2c80000,0x00000007b2c80000,0x00000007b3400000)
 ParOldGen       total 87552K, used 5222K [0x0000000780000000, 0x0000000785580000, 0x00000007aab00000)
  object space 87552K, 5% used [0x0000000780000000,0x00000007805198c8,0x0000000785580000)
 Metaspace       used 20978K, capacity 21185K, committed 21248K, reserved 1069056K
  class space    used 2208K, capacity 2302K, committed 2304K, reserved 1048576K
Event: 5.181 GC heap after
Heap after GC invocations=9 (full 1):
 PSYoungGen      total 139776K, used 0K [0x00000007aab00000, 0x00000007b3c00000, 0x00000007c0000000)
  eden space 132608K, 0% used [0x00000007aab00000,0x00000007aab00000,0x00000007b2c80000)
  from space 7168K, 0% used [0x00000007b3400000,0x00000007b3400000,0x00000007b3b00000)
  to   space 7680K, 0% used [0x00000007b2c80000,0x00000007b2c80000,0x00000007b3400000)
 ParOldGen       total 46080K, used 5127K [0x0000000780000000, 0x0000000782d00000, 0x00000007aab00000)
  object space 46080K, 11% used [0x0000000780000000,0x0000000780501cb8,0x0000000782d00000)
 Metaspace       used 20978K, capacity 21185K, committed 21248K, reserved 1069056K
  class space    used 2208K, capacity 2302K, committed 2304K, reserved 1048576K
}
Event: 5.675 GC heap before
{Heap before GC invocations=10 (full 1):
 PSYoungGen      total 139776K, used 132608K [0x00000007aab00000, 0x00000007b3c00000, 0x00000007c0000000)
  eden space 132608K, 100% used [0x00000007aab00000,0x00000007b2c80000,0x00000007b2c80000)
  from space 7168K, 0% used [0x00000007b3400000,0x00000007b3400000,0x00000007b3b00000)
  to   space 7680K, 0% used [0x00000007b2c80000,0x00000007b2c80000,0x00000007b3400000)
 ParOldGen       total 46080K, used 5127K [0x0000000780000000, 0x0000000782d00000, 0x00000007aab00000)
  object space 46080K, 11% used [0x0000000780000000,0x0000000780501cb8,0x0000000782d00000)
 Metaspace       used 23494K, capacity 23837K, committed 23936K, reserved 1071104K
  class space    used 2569K, capacity 2680K, committed 2688K, reserved 1048576K
Event: 5.682 GC heap after
Heap after GC invocations=10 (full 1):
 PSYoungGen      total 140288K, used 2422K [0x00000007aab00000, 0x00000007b7a80000, 0x00000007c0000000)
  eden space 132608K, 0% used [0x00000007aab00000,0x00000007aab00000,0x00000007b2c80000)
  from space 7680K, 31% used [0x00000007b2c80000,0x00000007b2edd888,0x00000007b3400000)
  to   space 7168K, 0% used [0x00000007b7380000,0x00000007b7380000,0x00000007b7a80000)
 ParOldGen       total 46080K, used 5135K [0x0000000780000000, 0x0000000782d00000, 0x00000007aab00000)
  object space 46080K, 11% used [0x0000000780000000,0x0000000780503cb8,0x0000000782d00000)
 Metaspace       used 23494K, capacity 23837K, committed 23936K, reserved 1071104K
  class space    used 2569K, capacity 2680K, committed 2688K, reserved 1048576K
}
Event: 9.140 GC heap before
{Heap before GC invocations=11 (full 1):
 PSYoungGen      total 140288K, used 135030K [0x00000007aab00000, 0x00000007b7a80000, 0x00000007c0000000)
  eden space 132608K, 100% used [0x00000007aab00000,0x00000007b2c80000,0x00000007b2c80000)
  from space 7680K, 31% used [0x00000007b2c80000,0x00000007b2edd888,0x00000007b3400000)
  to   space 7168K, 0% used [0x00000007b7380000,0x00000007b7380000,0x00000007b7a80000)
 ParOldGen       total 46080K, used 5135K [0x0000000780000000, 0x0000000782d00000, 0x00000007aab00000)
  object space 46080K, 11% used [0x0000000780000000,0x0000000780503cb8,0x0000000782d00000)
 Metaspace       used 30249K, capacity 30603K, committed 30720K, reserved 1077248K
  class space    used 3401K, capacity 3511K, committed 3584K, reserved 1048576K
Event: 9.152 GC heap after
Heap after GC invocations=11 (full 1):
 PSYoungGen      total 201728K, used 7143K [0x00000007aab00000, 0x00000007b7a80000, 0x00000007c0000000)
  eden space 194560K, 0% used [0x00000007aab00000,0x00000007aab00000,0x00000007b6900000)
  from space 7168K, 99% used [0x00000007b7380000,0x00000007b7a79d78,0x00000007b7a80000)
  to   space 8704K, 0% used [0x00000007b6980000,0x00000007b6980000,0x00000007b7200000)
 ParOldGen       total 46080K, used 6715K [0x0000000780000000, 0x0000000782d00000, 0x00000007aab00000)
  object space 46080K, 14% used [0x0000000780000000,0x000000078068eeb0,0x0000000782d00000)
 Metaspace       used 30249K, capacity 30603K, committed 30720K, reserved 1077248K
  class space    used 3401K, capacity 3511K, committed 3584K, reserved 1048576K
}
Event: 41.188 GC heap before
{Heap before GC invocations=12 (full 1):
 PSYoungGen      total 201728K, used 201703K [0x00000007aab00000, 0x00000007b7a80000, 0x00000007c0000000)
  eden space 194560K, 100% used [0x00000007aab00000,0x00000007b6900000,0x00000007b6900000)
  from space 7168K, 99% used [0x00000007b7380000,0x00000007b7a79d78,0x00000007b7a80000)
  to   space 8704K, 0% used [0x00000007b6980000,0x00000007b6980000,0x00000007b7200000)
 ParOldGen       total 46080K, used 6715K [0x0000000780000000, 0x0000000782d00000, 0x00000007aab00000)
  object space 46080K, 14% used [0x0000000780000000,0x000000078068eeb0,0x0000000782d00000)
 Metaspace       used 31659K, capacity 32119K, committed 32384K, reserved 1077248K
  class space    used 3472K, capacity 3609K, committed 3712K, reserved 1048576K
Event: 41.213 GC heap after
Heap after GC invocations=12 (full 1):
 PSYoungGen      total 203776K, used 8686K [0x00000007aab00000, 0x00000007bdb80000, 0x00000007c0000000)
  eden space 195072K, 0% used [0x00000007aab00000,0x00000007aab00000,0x00000007b6980000)
  from space 8704K, 99% used [0x00000007b6980000,0x00000007b71fbb30,0x00000007b7200000)
  to   space 16384K, 0% used [0x00000007bcb80000,0x00000007bcb80000,0x00000007bdb80000)
 ParOldGen       total 46080K, used 23624K [0x0000000780000000, 0x0000000782d00000, 0x00000007aab00000)
  object space 46080K, 51% used [0x0000000780000000,0x0000000781712100,0x0000000782d00000)
 Metaspace       used 31659K, capacity 32119K, committed 32384K, reserved 1077248K
  class space    used 3472K, capacity 3609K, committed 3712K, reserved 1048576K
}
Event: 43.777 GC heap before
{Heap before GC invocations=13 (full 1):
 PSYoungGen      total 203776K, used 203758K [0x00000007aab00000, 0x00000007bdb80000, 0x00000007c0000000)
  eden space 195072K, 100% used [0x00000007aab00000,0x00000007b6980000,0x00000007b6980000)
  from space 8704K, 99% used [0x00000007b6980000,0x00000007b71fbb30,0x00000007b7200000)
  to   space 16384K, 0% used [0x00000007bcb80000,0x00000007bcb80000,0x00000007bdb80000)
 ParOldGen       total 46080K, used 23624K [0x0000000780000000, 0x0000000782d00000, 0x00000007aab00000)
  object space 46080K, 51% used [0x0000000780000000,0x0000000781712100,0x0000000782d00000)
 Metaspace       used 32042K, capacity 32503K, committed 32896K, reserved 1079296K
  class space    used 3477K, capacity 3609K, committed 3712K, reserved 1048576K
Event: 43.783 GC heap after
Heap after GC invocations=13 (full 1):
 PSYoungGen      total 282112K, used 2701K [0x00000007aab00000, 0x00000007bd480000, 0x00000007c0000000)
  eden space 272896K, 0% used [0x00000007aab00000,0x00000007aab00000,0x00000007bb580000)
  from space 9216K, 29% used [0x00000007bcb80000,0x00000007bce235a8,0x00000007bd480000)
  to   space 15872K, 0% used [0x00000007bb580000,0x00000007bb580000,0x00000007bc500000)
 ParOldGen       total 46080K, used 25391K [0x0000000780000000, 0x0000000782d00000, 0x00000007aab00000)
  object space 46080K, 55% used [0x0000000780000000,0x00000007818cbdb8,0x0000000782d00000)
 Metaspace       used 32042K, capacity 32503K, committed 32896K, reserved 1079296K
  class space    used 3477K, capacity 3609K, committed 3712K, reserved 1048576K
}

